<?xml version="1.0" encoding="UTF-8"?>
<!-- Generated by org.testng.reporters.JUnitReportReporter -->
<testsuite hostname="DESKTOP-NR7J6SA" failures="0" tests="11" name="demosite_shop.testNG_demo" time="24.685" errors="0" timestamp="2022-07-17T22:34:45 CDT" skipped="0">
  <testcase classname="demosite_shop.testNG_demo" name="choose4DifferentsItems" time="6.445"/>
  <system-out/>
  <testcase classname="demosite_shop.testNG_demo" name="changeQuantity" time="0.072"/>
  <system-out/>
  <testcase classname="demosite_shop.testNG_demo" name="clickUpdateButton" time="0.788"/>
  <system-out/>
  <testcase classname="demosite_shop.testNG_demo" name="clickOnCheckout" time="0.880"/>
  <system-out/>
  <testcase classname="demosite_shop.testNG_demo" name="clickOnInputEmail" time="0.078"/>
  <system-out/>
  <testcase classname="demosite_shop.testNG_demo" name="writePassword" time="0.884"/>
  <system-out/>
  <testcase classname="demosite_shop.testNG_demo" name="completeAdressForm" time="3.300"/>
  <system-out/>
  <testcase classname="demosite_shop.testNG_demo" name="completeDeliveryForm" time="1.892"/>
  <system-out/>
  <testcase classname="demosite_shop.testNG_demo" name="completePaymentForm" time="1.978"/>
  <system-out/>
  <testcase classname="demosite_shop.testNG_demo" name="validatePurchase" time="6.364"/>
  <system-out/>
  <testcase classname="demosite_shop.testNG_demo" name="wait2sec" time="2.004"/>
  <system-out/>
</testsuite> <!-- demosite_shop.testNG_demo -->
